<?xml version="1.0" encoding="UTF-8"?>
<testsuite xmlns:xsi="http://www.w3.org/2001/XMLSchema-instance" xsi:noNamespaceSchemaLocation="https://maven.apache.org/surefire/maven-surefire-plugin/xsd/surefire-test-report.xsd" version="3.0.2" name="de.uni_passau.fim.se2.sa.readability.utils.PreprocessTest" time="0.013" tests="1" errors="1" skipped="0" failures="0">
  <properties>
[...]
</properties>
  <testcase name="testCsvFormat" classname="de.uni_passau.fim.se2.sa.readability.utils.PreprocessTest" time="0.012">
    <error message="Index 1 out of bounds for length 1" type="java.lang.IndexOutOfBoundsException"><![CDATA[java.lang.IndexOutOfBoundsException: Index 1 out of bounds for length 1
	at java.base/jdk.internal.util.Preconditions.outOfBounds(Preconditions.java:100)
	at java.base/jdk.internal.util.Preconditions.outOfBoundsCheckIndex(Preconditions.java:106)
	at java.base/jdk.internal.util.Preconditions.checkIndex(Preconditions.java:302)
	at java.base/java.util.Objects.checkIndex(Objects.java:365)
	at java.base/java.util.ArrayList.get(ArrayList.java:428)
	at de.uni_passau.fim.se2.sa.readability.utils.Preprocess.collectCSVBody(Preprocess.java:58)
	at de.uni_passau.fim.se2.sa.readability.utils.PreprocessTest.testCsvFormat(PreprocessTest.java:27)
]]></error>
  </testcase>
</testsuite>